# JRE version: OpenJDK Runtime Environment (11.0.2+9) (build 11.0.2+9)
# Java VM: OpenJDK 64-Bit Server VM (11.0.2+9, mixed mode, tiered, compressed oops, g1 gc, linux-amd64)
Heap:
 garbage-first heap   total 156672K, used 20087K [0x0000000085000000, 0x0000000100000000)
  region size 1024K, 14 young (14336K), 9 survivors (9216K)
 Metaspace       used 41734K, capacity 43141K, committed 43440K, reserved 1087488K
  class space    used 5215K, capacity 5772K, committed 5888K, reserved 1048576K
GC Heap History (10 events):
Event: 0,762 GC heap before
{Heap before GC invocations=2 (full 0):
 garbage-first heap   total 126976K, used 20266K [0x0000000085000000, 0x0000000100000000)
  region size 1024K, 19 young (19456K), 4 survivors (4096K)
 Metaspace       used 20375K, capacity 21135K, committed 21296K, reserved 1069056K
  class space    used 2414K, capacity 2688K, committed 2688K, reserved 1048576K
}
Event: 0,766 GC heap after
{Heap after GC invocations=3 (full 0):
 garbage-first heap   total 126976K, used 6612K [0x0000000085000000, 0x0000000100000000)
  region size 1024K, 3 young (3072K), 3 survivors (3072K)
 Metaspace       used 20375K, capacity 21135K, committed 21296K, reserved 1069056K
  class space    used 2414K, capacity 2688K, committed 2688K, reserved 1048576K
}
Event: 0,938 GC heap before
{Heap before GC invocations=4 (full 0):
 garbage-first heap   total 126976K, used 43476K [0x0000000085000000, 0x0000000100000000)
  region size 1024K, 40 young (40960K), 3 survivors (3072K)
 Metaspace       used 26512K, capacity 27369K, committed 27568K, reserved 1073152K
  class space    used 3202K, capacity 3537K, committed 3584K, reserved 1048576K
}
Event: 0,942 GC heap after
{Heap after GC invocations=5 (full 0):
 garbage-first heap   total 126976K, used 7927K [0x0000000085000000, 0x0000000100000000)
  region size 1024K, 4 young (4096K), 4 survivors (4096K)
 Metaspace       used 26512K, capacity 27369K, committed 27568K, reserved 1073152K
  class space    used 3202K, capacity 3537K, committed 3584K, reserved 1048576K
}
Event: 1,368 GC heap before
{Heap before GC invocations=5 (full 0):
 garbage-first heap   total 126976K, used 63223K [0x0000000085000000, 0x0000000100000000)
  region size 1024K, 58 young (59392K), 4 survivors (4096K)
 Metaspace       used 31183K, capacity 32319K, committed 32432K, reserved 1077248K
  class space    used 3893K, capacity 4350K, committed 4352K, reserved 1048576K
}
Event: 1,377 GC heap after
{Heap after GC invocations=6 (full 0):
 garbage-first heap   total 156672K, used 10273K [0x0000000085000000, 0x0000000100000000)
  region size 1024K, 6 young (6144K), 6 survivors (6144K)
 Metaspace       used 31183K, capacity 32319K, committed 32432K, reserved 1077248K
  class space    used 3893K, capacity 4350K, committed 4352K, reserved 1048576K
}
Event: 1,527 GC heap before
{Heap before GC invocations=6 (full 0):
 garbage-first heap   total 156672K, used 28705K [0x0000000085000000, 0x0000000100000000)
  region size 1024K, 25 young (25600K), 6 survivors (6144K)
 Metaspace       used 34457K, capacity 35587K, committed 35632K, reserved 1081344K
  class space    used 4232K, capacity 4694K, committed 4736K, reserved 1048576K
}
Event: 1,534 GC heap after
{Heap after GC invocations=7 (full 0):
 garbage-first heap   total 156672K, used 11833K [0x0000000085000000, 0x0000000100000000)
  region size 1024K, 6 young (6144K), 6 survivors (6144K)
 Metaspace       used 34457K, capacity 35587K, committed 35632K, reserved 1081344K
  class space    used 4232K, capacity 4694K, committed 4736K, reserved 1048576K
}
Event: 80,450 GC heap before
{Heap before GC invocations=8 (full 0):
 garbage-first heap   total 156672K, used 76345K [0x0000000085000000, 0x0000000100000000)
  region size 1024K, 69 young (70656K), 6 survivors (6144K)
 Metaspace       used 41667K, capacity 43135K, committed 43440K, reserved 1087488K
  class space    used 5206K, capacity 5770K, committed 5888K, reserved 1048576K
}
Event: 80,475 GC heap after
{Heap after GC invocations=9 (full 0):
 garbage-first heap   total 156672K, used 15991K [0x0000000085000000, 0x0000000100000000)
  region size 1024K, 9 young (9216K), 9 survivors (9216K)
 Metaspace       used 41667K, capacity 43135K, committed 43440K, reserved 1087488K
  class space    used 5206K, capacity 5770K, committed 5888K, reserved 1048576K
}

