# JRE version: OpenJDK Runtime Environment (11.0.2+9) (build 11.0.2+9)
# Java VM: OpenJDK 64-Bit Server VM (11.0.2+9, mixed mode, tiered, compressed oops, g1 gc, linux-amd64)
Heap:
 garbage-first heap   total 152576K, used 76464K [0x0000000085000000, 0x0000000100000000)
  region size 1024K, 71 young (72704K), 6 survivors (6144K)
 Metaspace       used 42028K, capacity 43437K, committed 43776K, reserved 1087488K
  class space    used 5253K, capacity 5831K, committed 5888K, reserved 1048576K
GC Heap History (10 events):
Event: 0,670 GC heap before
{Heap before GC invocations=1 (full 0):
 garbage-first heap   total 126976K, used 36935K [0x0000000085000000, 0x0000000100000000)
  region size 1024K, 34 young (34816K), 2 survivors (2048K)
 Metaspace       used 18124K, capacity 18717K, committed 18944K, reserved 1067008K
  class space    used 2066K, capacity 2280K, committed 2304K, reserved 1048576K
}
Event: 0,675 GC heap after
{Heap after GC invocations=2 (full 0):
 garbage-first heap   total 126976K, used 5942K [0x0000000085000000, 0x0000000100000000)
  region size 1024K, 4 young (4096K), 4 survivors (4096K)
 Metaspace       used 18124K, capacity 18717K, committed 18944K, reserved 1067008K
  class space    used 2066K, capacity 2280K, committed 2304K, reserved 1048576K
}
Event: 0,801 GC heap before
{Heap before GC invocations=2 (full 0):
 garbage-first heap   total 126976K, used 21302K [0x0000000085000000, 0x0000000100000000)
  region size 1024K, 21 young (21504K), 4 survivors (4096K)
 Metaspace       used 20379K, capacity 21107K, committed 21248K, reserved 1067008K
  class space    used 2427K, capacity 2725K, committed 2816K, reserved 1048576K
}
Event: 0,807 GC heap after
{Heap after GC invocations=3 (full 0):
 garbage-first heap   total 126976K, used 6866K [0x0000000085000000, 0x0000000100000000)
  region size 1024K, 3 young (3072K), 3 survivors (3072K)
 Metaspace       used 20379K, capacity 21107K, committed 21248K, reserved 1067008K
  class space    used 2427K, capacity 2725K, committed 2816K, reserved 1048576K
}
Event: 0,996 GC heap before
{Heap before GC invocations=4 (full 0):
 garbage-first heap   total 126976K, used 44754K [0x0000000085000000, 0x0000000100000000)
  region size 1024K, 41 young (41984K), 3 survivors (3072K)
 Metaspace       used 26595K, capacity 27470K, committed 27648K, reserved 1073152K
  class space    used 3215K, capacity 3569K, committed 3584K, reserved 1048576K
}
Event: 0,999 GC heap after
{Heap after GC invocations=5 (full 0):
 garbage-first heap   total 126976K, used 7994K [0x0000000085000000, 0x0000000100000000)
  region size 1024K, 4 young (4096K), 4 survivors (4096K)
 Metaspace       used 26595K, capacity 27470K, committed 27648K, reserved 1073152K
  class space    used 3215K, capacity 3569K, committed 3584K, reserved 1048576K
}
Event: 1,479 GC heap before
{Heap before GC invocations=5 (full 0):
 garbage-first heap   total 126976K, used 66362K [0x0000000085000000, 0x0000000100000000)
  region size 1024K, 61 young (62464K), 4 survivors (4096K)
 Metaspace       used 31672K, capacity 32853K, committed 33152K, reserved 1077248K
  class space    used 3971K, capacity 4422K, committed 4480K, reserved 1048576K
}
Event: 1,489 GC heap after
{Heap after GC invocations=6 (full 0):
 garbage-first heap   total 152576K, used 10676K [0x0000000085000000, 0x0000000100000000)
  region size 1024K, 7 young (7168K), 7 survivors (7168K)
 Metaspace       used 31672K, capacity 32853K, committed 33152K, reserved 1077248K
  class space    used 3971K, capacity 4422K, committed 4480K, reserved 1048576K
}
Event: 1,614 GC heap before
{Heap before GC invocations=6 (full 0):
 garbage-first heap   total 152576K, used 26036K [0x0000000085000000, 0x0000000100000000)
  region size 1024K, 23 young (23552K), 7 survivors (7168K)
 Metaspace       used 34495K, capacity 35652K, committed 35840K, reserved 1081344K
  class space    used 4237K, capacity 4695K, committed 4736K, reserved 1048576K
}
Event: 1,622 GC heap after
{Heap after GC invocations=7 (full 0):
 garbage-first heap   total 152576K, used 11952K [0x0000000085000000, 0x0000000100000000)
  region size 1024K, 6 young (6144K), 6 survivors (6144K)
 Metaspace       used 34495K, capacity 35652K, committed 35840K, reserved 1081344K
  class space    used 4237K, capacity 4695K, committed 4736K, reserved 1048576K
}

