# JRE version: OpenJDK Runtime Environment (11.0.2+9) (build 11.0.2+9)
# Java VM: OpenJDK 64-Bit Server VM (11.0.2+9, mixed mode, tiered, compressed oops, g1 gc, linux-amd64)
Heap:
 garbage-first heap   total 48128K, used 19045K [0x0000000085000000, 0x0000000100000000)
  region size 1024K, 5 young (5120K), 3 survivors (3072K)
 Metaspace       used 42249K, capacity 43755K, committed 44080K, reserved 1087488K
  class space    used 5298K, capacity 5933K, committed 6016K, reserved 1048576K
GC Heap History (10 events):
Event: 268,141 GC heap before
{Heap before GC invocations=11 (full 2):
 garbage-first heap   total 48128K, used 34557K [0x0000000085000000, 0x0000000100000000)
  region size 1024K, 21 young (21504K), 0 survivors (0K)
 Metaspace       used 40405K, capacity 41889K, committed 41904K, reserved 1085440K
  class space    used 5038K, capacity 5624K, committed 5632K, reserved 1048576K
}
Event: 268,144 GC heap after
{Heap after GC invocations=12 (full 2):
 garbage-first heap   total 48128K, used 14496K [0x0000000085000000, 0x0000000100000000)
  region size 1024K, 2 young (2048K), 2 survivors (2048K)
 Metaspace       used 40405K, capacity 41889K, committed 41904K, reserved 1085440K
  class space    used 5038K, capacity 5624K, committed 5632K, reserved 1048576K
}
Event: 285,719 GC heap before
{Heap before GC invocations=12 (full 2):
 garbage-first heap   total 48128K, used 33952K [0x0000000085000000, 0x0000000100000000)
  region size 1024K, 22 young (22528K), 2 survivors (2048K)
 Metaspace       used 41347K, capacity 42861K, committed 43184K, reserved 1087488K
  class space    used 5179K, capacity 5792K, committed 5888K, reserved 1048576K
}
Event: 285,722 GC heap after
{Heap after GC invocations=13 (full 2):
 garbage-first heap   total 48128K, used 15764K [0x0000000085000000, 0x0000000100000000)
  region size 1024K, 3 young (3072K), 3 survivors (3072K)
 Metaspace       used 41347K, capacity 42861K, committed 43184K, reserved 1087488K
  class space    used 5179K, capacity 5792K, committed 5888K, reserved 1048576K
}
Event: 307,647 GC heap before
{Heap before GC invocations=13 (full 2):
 garbage-first heap   total 48128K, used 19860K [0x0000000085000000, 0x0000000100000000)
  region size 1024K, 8 young (8192K), 3 survivors (3072K)
 Metaspace       used 41539K, capacity 43001K, committed 43184K, reserved 1087488K
  class space    used 5204K, capacity 5796K, committed 5888K, reserved 1048576K
}
Event: 307,672 GC heap after
{Heap after GC invocations=14 (full 3):
 garbage-first heap   total 48128K, used 14514K [0x0000000085000000, 0x0000000100000000)
  region size 1024K, 0 young (0K), 0 survivors (0K)
 Metaspace       used 41537K, capacity 42995K, committed 43184K, reserved 1087488K
  class space    used 5203K, capacity 5794K, committed 5888K, reserved 1048576K
}
Event: 307,765 GC heap before
{Heap before GC invocations=14 (full 3):
 garbage-first heap   total 48128K, used 36018K [0x0000000085000000, 0x0000000100000000)
  region size 1024K, 21 young (21504K), 0 survivors (0K)
 Metaspace       used 41543K, capacity 43004K, committed 43184K, reserved 1087488K
  class space    used 5205K, capacity 5797K, committed 5888K, reserved 1048576K
}
Event: 307,767 GC heap after
{Heap after GC invocations=15 (full 3):
 garbage-first heap   total 48128K, used 16102K [0x0000000085000000, 0x0000000100000000)
  region size 1024K, 2 young (2048K), 2 survivors (2048K)
 Metaspace       used 41543K, capacity 43004K, committed 43184K, reserved 1087488K
  class space    used 5205K, capacity 5797K, committed 5888K, reserved 1048576K
}
Event: 378,468 GC heap before
{Heap before GC invocations=15 (full 3):
 garbage-first heap   total 48128K, used 35558K [0x0000000085000000, 0x0000000100000000)
  region size 1024K, 22 young (22528K), 2 survivors (2048K)
 Metaspace       used 42247K, capacity 43755K, committed 44080K, reserved 1087488K
  class space    used 5297K, capacity 5933K, committed 6016K, reserved 1048576K
}
Event: 378,471 GC heap after
{Heap after GC invocations=16 (full 3):
 garbage-first heap   total 48128K, used 18021K [0x0000000085000000, 0x0000000100000000)
  region size 1024K, 3 young (3072K), 3 survivors (3072K)
 Metaspace       used 42247K, capacity 43755K, committed 44080K, reserved 1087488K
  class space    used 5297K, capacity 5933K, committed 6016K, reserved 1048576K
}

