# JRE version: OpenJDK Runtime Environment (11.0.2+9) (build 11.0.2+9)
# Java VM: OpenJDK 64-Bit Server VM (11.0.2+9, mixed mode, tiered, compressed oops, g1 gc, linux-amd64)
Heap:
 garbage-first heap   total 45056K, used 29848K [0x0000000085000000, 0x0000000100000000)
  region size 1024K, 17 young (17408K), 1 survivors (1024K)
 Metaspace       used 44845K, capacity 45991K, committed 46416K, reserved 1089536K
  class space    used 4936K, capacity 5400K, committed 5580K, reserved 1048576K
GC Heap History (10 events):
Event: 6189,418 GC heap before
{Heap before GC invocations=14 (full 2):
 garbage-first heap   total 45056K, used 30653K [0x0000000085000000, 0x0000000100000000)
  region size 1024K, 19 young (19456K), 3 survivors (3072K)
 Metaspace       used 44149K, capacity 45266K, committed 45648K, reserved 1089536K
  class space    used 4933K, capacity 5397K, committed 5580K, reserved 1048576K
}
Event: 6189,431 GC heap after
{Heap after GC invocations=15 (full 2):
 garbage-first heap   total 45056K, used 15786K [0x0000000085000000, 0x0000000100000000)
  region size 1024K, 1 young (1024K), 1 survivors (1024K)
 Metaspace       used 44149K, capacity 45266K, committed 45648K, reserved 1089536K
  class space    used 4933K, capacity 5397K, committed 5580K, reserved 1048576K
}
Event: 6522,708 GC heap before
{Heap before GC invocations=15 (full 2):
 garbage-first heap   total 45056K, used 31146K [0x0000000085000000, 0x0000000100000000)
  region size 1024K, 17 young (17408K), 1 survivors (1024K)
 Metaspace       used 44277K, capacity 45410K, committed 45904K, reserved 1089536K
  class space    used 4935K, capacity 5400K, committed 5580K, reserved 1048576K
}
Event: 6522,712 GC heap after
{Heap after GC invocations=16 (full 2):
 garbage-first heap   total 45056K, used 15572K [0x0000000085000000, 0x0000000100000000)
  region size 1024K, 1 young (1024K), 1 survivors (1024K)
 Metaspace       used 44277K, capacity 45410K, committed 45904K, reserved 1089536K
  class space    used 4935K, capacity 5400K, committed 5580K, reserved 1048576K
}
Event: 7399,819 GC heap before
{Heap before GC invocations=16 (full 2):
 garbage-first heap   total 45056K, used 30932K [0x0000000085000000, 0x0000000100000000)
  region size 1024K, 17 young (17408K), 1 survivors (1024K)
 Metaspace       used 44488K, capacity 45666K, committed 46160K, reserved 1089536K
  class space    used 4936K, capacity 5400K, committed 5580K, reserved 1048576K
}
Event: 7399,821 GC heap after
{Heap after GC invocations=17 (full 2):
 garbage-first heap   total 45056K, used 15528K [0x0000000085000000, 0x0000000100000000)
  region size 1024K, 1 young (1024K), 1 survivors (1024K)
 Metaspace       used 44488K, capacity 45666K, committed 46160K, reserved 1089536K
  class space    used 4936K, capacity 5400K, committed 5580K, reserved 1048576K
}
Event: 8023,413 GC heap before
{Heap before GC invocations=17 (full 2):
 garbage-first heap   total 45056K, used 30888K [0x0000000085000000, 0x0000000100000000)
  region size 1024K, 17 young (17408K), 1 survivors (1024K)
 Metaspace       used 44604K, capacity 45731K, committed 46160K, reserved 1089536K
  class space    used 4936K, capacity 5400K, committed 5580K, reserved 1048576K
}
Event: 8023,415 GC heap after
{Heap after GC invocations=18 (full 2):
 garbage-first heap   total 45056K, used 15528K [0x0000000085000000, 0x0000000100000000)
  region size 1024K, 1 young (1024K), 1 survivors (1024K)
 Metaspace       used 44604K, capacity 45731K, committed 46160K, reserved 1089536K
  class space    used 4936K, capacity 5400K, committed 5580K, reserved 1048576K
}
Event: 8870,126 GC heap before
{Heap before GC invocations=18 (full 2):
 garbage-first heap   total 45056K, used 32936K [0x0000000085000000, 0x0000000100000000)
  region size 1024K, 18 young (18432K), 1 survivors (1024K)
 Metaspace       used 44654K, capacity 45797K, committed 46160K, reserved 1089536K
  class space    used 4936K, capacity 5400K, committed 5580K, reserved 1048576K
}
Event: 8870,133 GC heap after
{Heap after GC invocations=19 (full 2):
 garbage-first heap   total 45056K, used 15512K [0x0000000085000000, 0x0000000100000000)
  region size 1024K, 1 young (1024K), 1 survivors (1024K)
 Metaspace       used 44654K, capacity 45797K, committed 46160K, reserved 1089536K
  class space    used 4936K, capacity 5400K, committed 5580K, reserved 1048576K
}

