# JRE version: OpenJDK Runtime Environment (11.0.2+9) (build 11.0.2+9)
# Java VM: OpenJDK 64-Bit Server VM (11.0.2+9, mixed mode, tiered, compressed oops, g1 gc, linux-amd64)
Heap:
 garbage-first heap   total 45056K, used 17445K [0x0000000085000000, 0x0000000100000000)
  region size 1024K, 4 young (4096K), 3 survivors (3072K)
 Metaspace       used 43281K, capacity 44664K, committed 44748K, reserved 1089536K
  class space    used 4814K, capacity 5361K, committed 5376K, reserved 1048576K
GC Heap History (10 events):
Event: 976,421 GC heap before
{Heap before GC invocations=29 (full 9):
 garbage-first heap   total 45056K, used 34360K [0x0000000085000000, 0x0000000100000000)
  region size 1024K, 20 young (20480K), 0 survivors (0K)
 Metaspace       used 42937K, capacity 44281K, committed 44492K, reserved 1089536K
  class space    used 4793K, capacity 5351K, committed 5376K, reserved 1048576K
}
Event: 976,422 GC heap after
{Heap after GC invocations=30 (full 9):
 garbage-first heap   total 45056K, used 15437K [0x0000000085000000, 0x0000000100000000)
  region size 1024K, 2 young (2048K), 2 survivors (2048K)
 Metaspace       used 42937K, capacity 44281K, committed 44492K, reserved 1089536K
  class space    used 4793K, capacity 5351K, committed 5376K, reserved 1048576K
}
Event: 1002,932 GC heap before
{Heap before GC invocations=30 (full 9):
 garbage-first heap   total 45056K, used 33869K [0x0000000085000000, 0x0000000100000000)
  region size 1024K, 20 young (20480K), 2 survivors (2048K)
 Metaspace       used 42982K, capacity 44362K, committed 44492K, reserved 1089536K
  class space    used 4795K, capacity 5355K, committed 5376K, reserved 1048576K
}
Event: 1002,935 GC heap after
{Heap after GC invocations=31 (full 9):
 garbage-first heap   total 45056K, used 16714K [0x0000000085000000, 0x0000000100000000)
  region size 1024K, 3 young (3072K), 3 survivors (3072K)
 Metaspace       used 42982K, capacity 44362K, committed 44492K, reserved 1089536K
  class space    used 4795K, capacity 5355K, committed 5376K, reserved 1048576K
}
Event: 1003,004 GC heap before
{Heap before GC invocations=31 (full 9):
 garbage-first heap   total 45056K, used 34122K [0x0000000085000000, 0x0000000100000000)
  region size 1024K, 20 young (20480K), 3 survivors (3072K)
 Metaspace       used 43032K, capacity 44381K, committed 44492K, reserved 1089536K
  class space    used 4797K, capacity 5357K, committed 5376K, reserved 1048576K
}
Event: 1003,009 GC heap after
{Heap after GC invocations=32 (full 9):
 garbage-first heap   total 45056K, used 17169K [0x0000000085000000, 0x0000000100000000)
  region size 1024K, 2 young (2048K), 2 survivors (2048K)
 Metaspace       used 43032K, capacity 44381K, committed 44492K, reserved 1089536K
  class space    used 4797K, capacity 5357K, committed 5376K, reserved 1048576K
}
Event: 1028,504 GC heap before
{Heap before GC invocations=32 (full 9):
 garbage-first heap   total 45056K, used 27409K [0x0000000085000000, 0x0000000100000000)
  region size 1024K, 13 young (13312K), 2 survivors (2048K)
 Metaspace       used 43122K, capacity 44454K, committed 44748K, reserved 1089536K
  class space    used 4798K, capacity 5359K, committed 5376K, reserved 1048576K
}
Event: 1028,550 GC heap after
{Heap after GC invocations=33 (full 10):
 garbage-first heap   total 45056K, used 15205K [0x0000000085000000, 0x0000000100000000)
  region size 1024K, 0 young (0K), 0 survivors (0K)
 Metaspace       used 43120K, capacity 44448K, committed 44748K, reserved 1089536K
  class space    used 4797K, capacity 5357K, committed 5376K, reserved 1048576K
}
Event: 1028,615 GC heap before
{Heap before GC invocations=33 (full 10):
 garbage-first heap   total 45056K, used 32613K [0x0000000085000000, 0x0000000100000000)
  region size 1024K, 17 young (17408K), 0 survivors (0K)
 Metaspace       used 43151K, capacity 44456K, committed 44748K, reserved 1089536K
  class space    used 4799K, capacity 5359K, committed 5376K, reserved 1048576K
}
Event: 1028,618 GC heap after
{Heap after GC invocations=34 (full 10):
 garbage-first heap   total 45056K, used 16333K [0x0000000085000000, 0x0000000100000000)
  region size 1024K, 2 young (2048K), 2 survivors (2048K)
 Metaspace       used 43151K, capacity 44456K, committed 44748K, reserved 1089536K
  class space    used 4799K, capacity 5359K, committed 5376K, reserved 1048576K
}

