# JRE version: OpenJDK Runtime Environment (11.0.2+9) (build 11.0.2+9)
# Java VM: OpenJDK 64-Bit Server VM (11.0.2+9, mixed mode, tiered, compressed oops, g1 gc, linux-amd64)
Heap:
 garbage-first heap   total 173056K, used 67474K [0x0000000085000000, 0x0000000100000000)
  region size 1024K, 65 young (66560K), 8 survivors (8192K)
 Metaspace       used 41508K, capacity 42657K, committed 43008K, reserved 1087488K
  class space    used 4813K, capacity 5286K, committed 5376K, reserved 1048576K
GC Heap History (10 events):
Event: 0,479 GC heap before
{Heap before GC invocations=1 (full 0):
 garbage-first heap   total 126976K, used 14927K [0x0000000085000000, 0x0000000100000000)
  region size 1024K, 14 young (14336K), 2 survivors (2048K)
 Metaspace       used 12239K, capacity 12534K, committed 12928K, reserved 1060864K
  class space    used 1227K, capacity 1306K, committed 1408K, reserved 1048576K
}
Event: 0,496 GC heap after
{Heap after GC invocations=2 (full 0):
 garbage-first heap   total 126976K, used 4340K [0x0000000085000000, 0x0000000100000000)
  region size 1024K, 1 young (1024K), 1 survivors (1024K)
 Metaspace       used 12239K, capacity 12534K, committed 12928K, reserved 1060864K
  class space    used 1227K, capacity 1306K, committed 1408K, reserved 1048576K
}
Event: 0,849 GC heap before
{Heap before GC invocations=2 (full 0):
 garbage-first heap   total 126976K, used 35060K [0x0000000085000000, 0x0000000100000000)
  region size 1024K, 32 young (32768K), 1 survivors (1024K)
 Metaspace       used 18872K, capacity 19446K, committed 19840K, reserved 1067008K
  class space    used 2076K, capacity 2305K, committed 2432K, reserved 1048576K
}
Event: 0,852 GC heap after
{Heap after GC invocations=3 (full 0):
 garbage-first heap   total 126976K, used 5990K [0x0000000085000000, 0x0000000100000000)
  region size 1024K, 3 young (3072K), 3 survivors (3072K)
 Metaspace       used 18872K, capacity 19446K, committed 19840K, reserved 1067008K
  class space    used 2076K, capacity 2305K, committed 2432K, reserved 1048576K
}
Event: 0,916 GC heap before
{Heap before GC invocations=3 (full 0):
 garbage-first heap   total 126976K, used 12134K [0x0000000085000000, 0x0000000100000000)
  region size 1024K, 11 young (11264K), 3 survivors (3072K)
 Metaspace       used 20436K, capacity 20965K, committed 21248K, reserved 1069056K
  class space    used 2229K, capacity 2448K, committed 2560K, reserved 1048576K
}
Event: 0,919 GC heap after
{Heap after GC invocations=4 (full 0):
 garbage-first heap   total 126976K, used 6249K [0x0000000085000000, 0x0000000100000000)
  region size 1024K, 3 young (3072K), 3 survivors (3072K)
 Metaspace       used 20436K, capacity 20965K, committed 21248K, reserved 1069056K
  class space    used 2229K, capacity 2448K, committed 2560K, reserved 1048576K
}
Event: 1,695 GC heap before
{Heap before GC invocations=5 (full 0):
 garbage-first heap   total 126976K, used 65641K [0x0000000085000000, 0x0000000100000000)
  region size 1024K, 61 young (62464K), 3 survivors (3072K)
 Metaspace       used 27834K, capacity 28564K, committed 28800K, reserved 1075200K
  class space    used 3151K, capacity 3435K, committed 3456K, reserved 1048576K
}
Event: 1,701 GC heap after
{Heap after GC invocations=6 (full 0):
 garbage-first heap   total 173056K, used 8606K [0x0000000085000000, 0x0000000100000000)
  region size 1024K, 5 young (5120K), 5 survivors (5120K)
 Metaspace       used 27834K, capacity 28564K, committed 28800K, reserved 1075200K
  class space    used 3151K, capacity 3435K, committed 3456K, reserved 1048576K
}
Event: 2,427 GC heap before
{Heap before GC invocations=6 (full 0):
 garbage-first heap   total 173056K, used 51614K [0x0000000085000000, 0x0000000100000000)
  region size 1024K, 48 young (49152K), 5 survivors (5120K)
 Metaspace       used 34610K, capacity 35599K, committed 35840K, reserved 1081344K
  class space    used 3951K, capacity 4326K, committed 4352K, reserved 1048576K
}
Event: 2,435 GC heap after
{Heap after GC invocations=7 (full 0):
 garbage-first heap   total 173056K, used 11154K [0x0000000085000000, 0x0000000100000000)
  region size 1024K, 8 young (8192K), 8 survivors (8192K)
 Metaspace       used 34610K, capacity 35599K, committed 35840K, reserved 1081344K
  class space    used 3951K, capacity 4326K, committed 4352K, reserved 1048576K
}

